<?xml version="1.0" encoding="UTF-8"?>
<coverage generated="1701174785182" clover="3.2.0">
  <project timestamp="1701174785183" name="All files">
    <metrics statements="28" coveredstatements="28" conditionals="20" coveredconditionals="20" methods="16" coveredmethods="16" elements="64" coveredelements="64" complexity="0" loc="28" ncloc="28" packages="1" files="3" classes="3"/>
    <file name="task1.js" path="C:\Users\NHD-PC\Documents\Projects\Task Project\ShoppingCart\src\main\task1.js">
      <metrics statements="5" coveredstatements="5" conditionals="0" coveredconditionals="0" methods="4" coveredmethods="4"/>
      <line num="5" count="1" type="stmt"/>
      <line num="10" count="1" type="stmt"/>
      <line num="14" count="2" type="stmt"/>
      <line num="18" count="2" type="stmt"/>
      <line num="22" count="1" type="stmt"/>
    </file>
    <file name="task2.js" path="C:\Users\NHD-PC\Documents\Projects\Task Project\ShoppingCart\src\main\task2.js">
      <metrics statements="8" coveredstatements="8" conditionals="8" coveredconditionals="8" methods="4" coveredmethods="4"/>
      <line num="5" count="2" type="stmt"/>
      <line num="9" count="6" type="cond" truecount="2" falsecount="0"/>
      <line num="16" count="3" type="stmt"/>
      <line num="19" count="3" type="stmt"/>
      <line num="20" count="3" type="stmt"/>
      <line num="25" count="2" type="stmt"/>
      <line num="29" count="2" type="stmt"/>
      <line num="33" count="1" type="stmt"/>
    </file>
    <file name="task4.js" path="C:\Users\NHD-PC\Documents\Projects\Task Project\ShoppingCart\src\main\task4.js">
      <metrics statements="15" coveredstatements="15" conditionals="12" coveredconditionals="12" methods="8" coveredmethods="8"/>
      <line num="3" count="10" type="stmt"/>
      <line num="8" count="9" type="cond" truecount="6" falsecount="0"/>
      <line num="9" count="3" type="stmt"/>
      <line num="12" count="6" type="stmt"/>
      <line num="18" count="3" type="cond" truecount="2" falsecount="0"/>
      <line num="19" count="1" type="stmt"/>
      <line num="22" count="2" type="stmt"/>
      <line num="23" count="2" type="cond" truecount="2" falsecount="0"/>
      <line num="24" count="1" type="stmt"/>
      <line num="32" count="3" type="stmt"/>
      <line num="37" count="3" type="stmt"/>
      <line num="42" count="2" type="cond" truecount="2" falsecount="0"/>
      <line num="43" count="1" type="stmt"/>
      <line num="46" count="2" type="stmt"/>
      <line num="51" count="1" type="stmt"/>
    </file>
  </project>
</coverage>
