<?xml version="1.0" encoding="UTF-8"?>
<coverage generated="1701158536904" clover="3.2.0">
  <project timestamp="1701158536904" name="All files">
    <metrics statements="15" coveredstatements="15" conditionals="12" coveredconditionals="12" methods="8" coveredmethods="8" elements="35" coveredelements="35" complexity="0" loc="15" ncloc="15" packages="1" files="1" classes="1"/>
    <file name="shoppingCart.js" path="C:\Users\NHD-PC\Documents\Projects\Task Project\Shopping-Cart\src\main\shoppingCart.js">
      <metrics statements="15" coveredstatements="15" conditionals="12" coveredconditionals="12" methods="8" coveredmethods="8"/>
      <line num="3" count="12" type="stmt"/>
      <line num="8" count="12" type="cond" truecount="6" falsecount="0"/>
      <line num="9" count="6" type="stmt"/>
      <line num="12" count="6" type="stmt"/>
      <line num="18" count="3" type="cond" truecount="2" falsecount="0"/>
      <line num="19" count="1" type="stmt"/>
      <line num="22" count="2" type="stmt"/>
      <line num="23" count="2" type="cond" truecount="2" falsecount="0"/>
      <line num="24" count="1" type="stmt"/>
      <line num="32" count="4" type="stmt"/>
      <line num="37" count="3" type="stmt"/>
      <line num="42" count="2" type="cond" truecount="2" falsecount="0"/>
      <line num="43" count="1" type="stmt"/>
      <line num="46" count="2" type="stmt"/>
      <line num="51" count="2" type="stmt"/>
    </file>
  </project>
</coverage>
