TN:
SF:src\main\shoppingCart.js
FN:2,(anonymous_0)
FN:7,(anonymous_1)
FN:17,(anonymous_2)
FN:22,(anonymous_3)
FN:31,(anonymous_4)
FN:36,(anonymous_5)
FN:41,(anonymous_6)
FN:46,(anonymous_7)
FNF:8
FNH:8
FNDA:12,(anonymous_0)
FNDA:12,(anonymous_1)
FNDA:3,(anonymous_2)
FNDA:1,(anonymous_3)
FNDA:4,(anonymous_4)
FNDA:3,(anonymous_5)
FNDA:2,(anonymous_6)
FNDA:2,(anonymous_7)
DA:3,12
DA:8,12
DA:9,6
DA:12,6
DA:18,3
DA:19,1
DA:22,2
DA:23,2
DA:24,1
DA:32,4
DA:37,3
DA:42,2
DA:43,1
DA:46,2
DA:51,2
LF:15
LH:15
BRDA:8,0,0,6
BRDA:8,0,1,6
BRDA:8,1,0,12
BRDA:8,1,1,10
BRDA:8,1,2,10
BRDA:8,1,3,8
BRDA:18,2,0,1
BRDA:18,2,1,2
BRDA:23,3,0,1
BRDA:23,3,1,1
BRDA:42,4,0,1
BRDA:42,4,1,1
BRF:12
BRH:12
end_of_record
