TN:
SF:src\main\task1.js
FN:4,(anonymous_0)
FN:8,(anonymous_1)
FN:13,(anonymous_2)
FN:17,(anonymous_3)
FNF:4
FNH:4
FNDA:1,(anonymous_0)
FNDA:1,(anonymous_1)
FNDA:2,(anonymous_2)
FNDA:2,(anonymous_3)
DA:5,1
DA:10,1
DA:14,2
DA:18,2
DA:22,1
LF:5
LH:5
BRF:0
BRH:0
end_of_record
TN:
SF:src\main\task2.js
FN:4,(anonymous_0)
FN:8,(anonymous_1)
FN:24,(anonymous_2)
FN:28,(anonymous_3)
FNF:4
FNH:4
FNDA:2,(anonymous_0)
FNDA:6,(anonymous_1)
FNDA:2,(anonymous_2)
FNDA:2,(anonymous_3)
DA:5,2
DA:9,6
DA:16,3
DA:19,3
DA:20,3
DA:25,2
DA:29,2
DA:33,1
LF:8
LH:8
BRDA:8,0,0,6
BRDA:9,1,0,3
BRDA:9,1,1,3
BRDA:10,2,0,6
BRDA:10,2,1,5
BRDA:10,2,2,4
BRDA:10,2,3,3
BRDA:10,2,4,3
BRF:8
BRH:8
end_of_record
TN:
SF:src\main\task4.js
FN:2,(anonymous_0)
FN:7,(anonymous_1)
FN:17,(anonymous_2)
FN:22,(anonymous_3)
FN:31,(anonymous_4)
FN:36,(anonymous_5)
FN:41,(anonymous_6)
FN:46,(anonymous_7)
FNF:8
FNH:8
FNDA:10,(anonymous_0)
FNDA:9,(anonymous_1)
FNDA:3,(anonymous_2)
FNDA:1,(anonymous_3)
FNDA:3,(anonymous_4)
FNDA:3,(anonymous_5)
FNDA:2,(anonymous_6)
FNDA:2,(anonymous_7)
DA:3,10
DA:8,9
DA:9,3
DA:12,6
DA:18,3
DA:19,1
DA:22,2
DA:23,2
DA:24,1
DA:32,3
DA:37,3
DA:42,2
DA:43,1
DA:46,2
DA:51,1
LF:15
LH:15
BRDA:8,0,0,3
BRDA:8,0,1,6
BRDA:8,1,0,9
BRDA:8,1,1,8
BRDA:8,1,2,8
BRDA:8,1,3,7
BRDA:18,2,0,1
BRDA:18,2,1,2
BRDA:23,3,0,1
BRDA:23,3,1,1
BRDA:42,4,0,1
BRDA:42,4,1,1
BRF:12
BRH:12
end_of_record
